Unity Editor version:    2020.3.26f1 (7298b473bc1a)
Branch:                  2020.3/staging
Build type:              Release
Batch mode:              YES
macOS version:           Version 12.3 (Build 21E230)
Darwin version:          21.4.0
Architecture:            x86_64
Running under Rosetta:   NO
Available memory:        16384 MB
Using pre-set license
Pro License: NO

COMMAND LINE ARGUMENTS:
/Applications/Unity/Hub/Editor/2020.3.26f1/Unity.app/Contents/MacOS/Unity
-adb2
-batchMode
-noUpm
-name
AssetImportWorker0
-projectPath
/Users/Mardleon/GITHUB/KMF/alfombra/unity/Miniature01
-logFile
Logs/AssetImportWorker0.log
-srvPort
57495
Successfully changed project path to: /Users/Mardleon/GITHUB/KMF/alfombra/unity/Miniature01
/Users/Mardleon/GITHUB/KMF/alfombra/unity/Miniature01
Using Asset Import Pipeline V2.
Refreshing native plugins compatible for Editor in 349.00 ms, found 2 plugins.
Preloading 0 native plugins for Editor in 0.00 ms.
Initialize engine version: 2020.3.26f1 (7298b473bc1a)
[Subsystems] Discovering subsystems at path /Applications/Unity/Hub/Editor/2020.3.26f1/Unity.app/Contents/Resources/UnitySubsystems
[Subsystems] Discovering subsystems at path /Users/Mardleon/GITHUB/KMF/alfombra/unity/Miniature01/Assets
GfxDevice: creating device client; threaded=0
2022-03-28 13:35:19.571 Unity[91845:3439004] Thunderbolt Display preferred device: Intel(R) Iris(TM) Plus Graphics 650 (low power)
2022-03-28 13:35:19.572 Unity[91845:3439004] Metal devices available: 1
2022-03-28 13:35:19.572 Unity[91845:3439004] 0: Intel(R) Iris(TM) Plus Graphics 650 (low power)
2022-03-28 13:35:19.573 Unity[91845:3439004] Using device Intel(R) Iris(TM) Plus Graphics 650 (low power)
Initializing Metal device caps: Intel(R) Iris(TM) Plus Graphics 650
Initialize mono
Mono path[0] = '/Applications/Unity/Hub/Editor/2020.3.26f1/Unity.app/Contents/Managed'
Mono path[1] = '/Applications/Unity/Hub/Editor/2020.3.26f1/Unity.app/Contents/MonoBleedingEdge/lib/mono/unityjit'
Mono config path = '/Applications/Unity/Hub/Editor/2020.3.26f1/Unity.app/Contents/MonoBleedingEdge/etc'
Using monoOptions --debugger-agent=transport=dt_socket,embedding=1,server=y,suspend=n,address=127.0.0.1:56845
Begin MonoManager ReloadAssembly
Registering precompiled unity dll's ...
Register platform support module: /Applications/Unity/Hub/Editor/2020.3.26f1/PlaybackEngines/WebGLSupport/UnityEditor.WebGL.Extensions.dll
Register platform support module: /Applications/Unity/Hub/Editor/2020.3.26f1/Unity.app/Contents/PlaybackEngines/MacStandaloneSupport/UnityEditor.OSXStandalone.Extensions.dll
Register platform support module: /Applications/Unity/Hub/Editor/2020.3.26f1/PlaybackEngines/WindowsStandaloneSupport/UnityEditor.WindowsStandalone.Extensions.dll
Registered in 0.184756 seconds.
Native extension for WindowsStandalone target not found
Native extension for OSXStandalone target not found
Native extension for WebGL target not found
Refreshing native plugins compatible for Editor in 105.49 ms, found 2 plugins.
Preloading 0 native plugins for Editor in 0.00 ms.
Mono: successfully reloaded assembly
- Completed reload, in  2.309 seconds
Domain Reload Profiling:
	ReloadAssembly (2309ms)
		BeginReloadAssembly (251ms)
			ExecutionOrderSort (0ms)
			DisableScriptedObjects (0ms)
			BackupInstance (0ms)
			ReleaseScriptingObjects (0ms)
			CreateAndSetChildDomain (2ms)
		EndReloadAssembly (1345ms)
			LoadAssemblies (257ms)
			RebuildTransferFunctionScriptingTraits (0ms)
			SetupTypeCache (507ms)
			ReleaseScriptCaches (0ms)
			RebuildScriptCaches (89ms)
			SetupLoadedEditorAssemblies (483ms)
				LogAssemblyErrors (0ms)
				InitializePlatformSupportModulesInManaged (9ms)
				SetLoadedEditorAssemblies (0ms)
				RefreshPlugins (106ms)
				BeforeProcessingInitializeOnLoad (15ms)
				ProcessInitializeOnLoadAttributes (280ms)
				ProcessInitializeOnLoadMethodAttributes (73ms)
				AfterProcessingInitializeOnLoad (0ms)
				EditorAssembliesLoaded (0ms)
			ExecutionOrderSort2 (0ms)
			AwakeInstancesAfterBackupRestoration (0ms)
Platform modules already initialized, skipping
Registering precompiled user dll's ...
Registered in 0.007535 seconds.
Begin MonoManager ReloadAssembly
Native extension for WindowsStandalone target not found
Native extension for OSXStandalone target not found
Native extension for WebGL target not found
Refreshing native plugins compatible for Editor in 75.58 ms, found 2 plugins.
Preloading 0 native plugins for Editor in 0.00 ms.
Mono: successfully reloaded assembly
- Completed reload, in  2.316 seconds
Domain Reload Profiling:
	ReloadAssembly (2317ms)
		BeginReloadAssembly (233ms)
			ExecutionOrderSort (0ms)
			DisableScriptedObjects (8ms)
			BackupInstance (0ms)
			ReleaseScriptingObjects (0ms)
			CreateAndSetChildDomain (41ms)
		EndReloadAssembly (1962ms)
			LoadAssemblies (213ms)
			RebuildTransferFunctionScriptingTraits (0ms)
			SetupTypeCache (903ms)
			ReleaseScriptCaches (1ms)
			RebuildScriptCaches (96ms)
			SetupLoadedEditorAssemblies (538ms)
				LogAssemblyErrors (0ms)
				InitializePlatformSupportModulesInManaged (7ms)
				SetLoadedEditorAssemblies (0ms)
				RefreshPlugins (76ms)
				BeforeProcessingInitializeOnLoad (108ms)
				ProcessInitializeOnLoadAttributes (332ms)
				ProcessInitializeOnLoadMethodAttributes (14ms)
				AfterProcessingInitializeOnLoad (2ms)
				EditorAssembliesLoaded (0ms)
			ExecutionOrderSort2 (0ms)
			AwakeInstancesAfterBackupRestoration (10ms)
Platform modules already initialized, skipping
Validating Project structure ... 0.002769 seconds.
Shader import version has changed; will reimport all shaders...
Upgrading shader files ...0.002733 seconds.
Application.AssetDatabase Initial Script Refresh Start
RefreshInfo: InitialScriptRefreshV2(NoUpdateAssetOptions) scanfilter:  ... 1 filters
RefreshProfiler: Total: 0.000ms
Application.AssetDatabase Initial Script Refresh End
Application.AssetDatabase.Refresh Start
Application.AssetDatabase.Refresh End
RefreshInfo: StopAssetImportingV2(ForceSynchronousImport) scanfilter: 
RefreshProfiler: Total: 0.000ms
Launching external process: /Applications/Unity/Hub/Editor/2020.3.26f1/Unity.app/Contents/Tools/UnityShaderCompiler
Launched and connected shader compiler UnityShaderCompiler after 0.02 seconds
Initializing Unity extensions:
2022-03-28 13:35:28.172 Unity[91845:3439004] NSEventModifierFlagFunction specified to -setKeyEquivalentModifierMask: for item <NSMenuItem: 0x6000006673a0 Font Asset, ke='Command-F12'>, but is only supported for system-provided menu items; will not be used
2022-03-28 13:35:28.178 Unity[91845:3439004] NSEventModifierFlagFunction specified to -setKeyEquivalentModifierMask: for item <NSMenuItem: 0x60000060b6b0 Font Asset, ke='Command-F12'>, but is only supported for system-provided menu items; will not be used
========================================================================
Worker process is ready to serve import requests
Refreshing native plugins compatible for Editor in 0.67 ms, found 2 plugins.
Preloading 0 native plugins for Editor in 0.00 ms.
Unloading 2818 Unused Serialized files (Serialized files now loaded: 0)
System memory in use before: 226.3 MB.
System memory in use after: 226.2 MB.

Unloading 119 unused Assets to reduce memory usage. Loaded Objects now: 3287.
Total: 5.843711 ms (FindLiveObjects: 0.380708 ms CreateObjectMapping: 0.236096 ms MarkObjects: 4.849485 ms  DeleteObjects: 0.376145 ms)

AssetImportParameters requested are different than current active one (requested -> active):
  custom:video-decoder-ogg-theora: a1e56fd34408186e4bbccfd4996cb3dc -> 
  custom:container-muxer-webm: aa71ff27fc2769a1b78a27578f13a17b -> 
  custom:container-demuxer-webm: 4f35f7cbe854078d1ac9338744f61a02 -> 
  custom:container-demuxer-ogg: 62fdf1f143b41e24485cea50d1cbac27 -> 
  custom:video-encoder-webm-vp8: eb34c28f22e8b96e1ab97ce403110664 -> 
  custom:framework-osx-AVFoundation: e770b220cccbd017edd2c1fefb359320 -> 
  custom:video-decoder-webm-vp8: 9c59270c3fd7afecdb556c50c9e8de78 -> 
  custom:audio-decoder-ogg-vorbis: bf7c407c2cedff20999df2af8eb42d56 -> 
  custom:audio-encoder-webm-vorbis: bf7c407c2cedff20999df2af8eb42d56 -> 
========================================================================
Received Import Request.
  path: Assets/Readme.asset
  artifactKey: Guid(83c2ed844a8c74b779a4c823d16594b1) Importer(815301076,1909f56bfc062723c751e8b465ee728b)
Start importing Assets/Readme.asset using Guid(83c2ed844a8c74b779a4c823d16594b1) Importer(815301076,1909f56bfc062723c751e8b465ee728b)  -> (artifact id: '8ffd2c44ffeb50c574abb5d0c4453328') in 1.068484 seconds 
  Import took 1.081506 seconds .

========================================================================
Received Import Request.
  Time since last request: 272.810055 seconds.
  path: Assets/Obj
  artifactKey: Guid(536bfe3c22ca64194a3ee729f4803f1b) Importer(815301076,1909f56bfc062723c751e8b465ee728b)
Start importing Assets/Obj using Guid(536bfe3c22ca64194a3ee729f4803f1b) Importer(815301076,1909f56bfc062723c751e8b465ee728b)  -> (artifact id: 'b84e28b7bec9c395f413de0dbc588405') in 0.002683 seconds 
  Import took 0.007956 seconds .

========================================================================
Received Import Request.
  Time since last request: 2.218514 seconds.
  path: Assets/Obj/BlackDome_With ppl.jpg
  artifactKey: Guid(c30082460d29f4142a694ba19f0e16ba) Importer(815301076,1909f56bfc062723c751e8b465ee728b)
Start importing Assets/Obj/BlackDome_With ppl.jpg using Guid(c30082460d29f4142a694ba19f0e16ba) Importer(815301076,1909f56bfc062723c751e8b465ee728b)  -> (artifact id: '7733d2d03a07dca8e347f941c8cfa0c7') in 0.798070 seconds 
  Import took 0.811126 seconds .

========================================================================
Received Import Request.
  Time since last request: 0.000285 seconds.
  path: Assets/Obj/Miniature Black Dome Camera View.obj
  artifactKey: Guid(a1341957c7eaa4e5c879921665214cd9) Importer(815301076,1909f56bfc062723c751e8b465ee728b)
Start importing Assets/Obj/Miniature Black Dome Camera View.obj using Guid(a1341957c7eaa4e5c879921665214cd9) Importer(815301076,1909f56bfc062723c751e8b465ee728b)  -> (artifact id: '40b606dd9739816775766ac00f80129f') in 1.577846 seconds 
  Import took 1.588291 seconds .

========================================================================
Received Import Request.
  Time since last request: 0.000325 seconds.
  path: Assets/Obj/BlackDome_Without ppl.jpg
  artifactKey: Guid(8c30f1c3429614e2482f69d22f0b1539) Importer(815301076,1909f56bfc062723c751e8b465ee728b)
Start importing Assets/Obj/BlackDome_Without ppl.jpg using Guid(8c30f1c3429614e2482f69d22f0b1539) Importer(815301076,1909f56bfc062723c751e8b465ee728b)  -> (artifact id: '478aeb41b268ae7ca2822bfdb44e293d') in 0.027503 seconds 
  Import took 0.036999 seconds .

========================================================================
Received Import Request.
  Time since last request: 7.170078 seconds.
  path: Assets/Obj/Miniature Black Dome Camera View.mtl
  artifactKey: Guid(05438542b2a5c4ee8812e4a08d546de3) Importer(815301076,1909f56bfc062723c751e8b465ee728b)
Start importing Assets/Obj/Miniature Black Dome Camera View.mtl using Guid(05438542b2a5c4ee8812e4a08d546de3) Importer(815301076,1909f56bfc062723c751e8b465ee728b)  -> (artifact id: '59d7ff8fed4a8853ba668ffa8344a6f8') in 0.133718 seconds 
  Import took 0.144714 seconds .

